<?xml version="1.0" encoding="UTF-8"?>
<!-- Generated by org.testng.reporters.JUnitReportReporter -->
<testsuite hostname="WIN-AV8G0MCU5JG" failures="0" tests="1" name="com.google.TestSimple" time="3.221" errors="0" timestamp="2022-07-16T12:30:22 GMT+05:00" skipped="0">
  <testcase classname="com.google.TestSimple" name="simpleTest" time="3.221"/>
  <system-out/>
</testsuite> <!-- com.google.TestSimple -->
